# JRE version: OpenJDK Runtime Environment (8.0_152-b01) (build 1.8.0_152-release-915-b01)
# Java VM: OpenJDK 64-Bit Server VM (25.152-b01 mixed mode linux-amd64 compressed oops)
Heap:
 PSYoungGen      total 269312K, used 3231K [0x00000000e0000000, 0x00000000f1b80000, 0x0000000100000000)
  eden space 248320K, 0% used [0x00000000e0000000,0x00000000e0000000,0x00000000ef280000)
  from space 20992K, 15% used [0x00000000ef280000,0x00000000ef5a7f28,0x00000000f0700000)
  to   space 16384K, 0% used [0x00000000f0b80000,0x00000000f0b80000,0x00000000f1b80000)
 ParOldGen       total 90624K, used 34516K [0x00000000a0000000, 0x00000000a5880000, 0x00000000e0000000)
  object space 90624K, 38% used [0x00000000a0000000,0x00000000a21b53c0,0x00000000a5880000)
 Metaspace       used 63834K, capacity 67264K, committed 67544K, reserved 1107968K
  class space    used 8347K, capacity 9095K, committed 9216K, reserved 1048576K
GC Heap History (10 events):
Event: 35.739 GC heap after
Heap after GC invocations=17 (full 2):
 PSYoungGen      total 151040K, used 12971K [0x00000000e0000000, 0x00000000ee900000, 0x0000000100000000)
  eden space 128000K, 0% used [0x00000000e0000000,0x00000000e0000000,0x00000000e7d00000)
  from space 23040K, 56% used [0x00000000e7d00000,0x00000000e89aaec8,0x00000000e9380000)
  to   space 23040K, 0% used [0x00000000ed280000,0x00000000ed280000,0x00000000ee900000)
 ParOldGen       total 65536K, used 27465K [0x00000000a0000000, 0x00000000a4000000, 0x00000000e0000000)
  object space 65536K, 41% used [0x00000000a0000000,0x00000000a1ad25a8,0x00000000a4000000)
 Metaspace       used 55646K, capacity 57760K, committed 58072K, reserved 1099776K
  class space    used 7572K, capacity 8073K, committed 8192K, reserved 1048576K
}
Event: 36.227 GC heap before
{Heap before GC invocations=18 (full 2):
 PSYoungGen      total 151040K, used 30936K [0x00000000e0000000, 0x00000000ee900000, 0x0000000100000000)
  eden space 128000K, 14% used [0x00000000e0000000,0x00000000e118b1e8,0x00000000e7d00000)
  from space 23040K, 56% used [0x00000000e7d00000,0x00000000e89aaec8,0x00000000e9380000)
  to   space 23040K, 0% used [0x00000000ed280000,0x00000000ed280000,0x00000000ee900000)
 ParOldGen       total 65536K, used 27465K [0x00000000a0000000, 0x00000000a4000000, 0x00000000e0000000)
  object space 65536K, 41% used [0x00000000a0000000,0x00000000a1ad25a8,0x00000000a4000000)
 Metaspace       used 56795K, capacity 58894K, committed 58968K, reserved 1099776K
  class space    used 7772K, capacity 8254K, committed 8320K, reserved 1048576K
Event: 36.265 GC heap after
Heap after GC invocations=18 (full 2):
 PSYoungGen      total 213504K, used 3992K [0x00000000e0000000, 0x00000000ee800000, 0x0000000100000000)
  eden space 191488K, 0% used [0x00000000e0000000,0x00000000e0000000,0x00000000ebb00000)
  from space 22016K, 18% used [0x00000000ed280000,0x00000000ed666008,0x00000000ee800000)
  to   space 23040K, 0% used [0x00000000ebb00000,0x00000000ebb00000,0x00000000ed180000)
 ParOldGen       total 65536K, used 37630K [0x00000000a0000000, 0x00000000a4000000, 0x00000000e0000000)
  object space 65536K, 57% used [0x00000000a0000000,0x00000000a24bf868,0x00000000a4000000)
 Metaspace       used 56795K, capacity 58894K, committed 58968K, reserved 1099776K
  class space    used 7772K, capacity 8254K, committed 8320K, reserved 1048576K
}
Event: 36.265 GC heap before
{Heap before GC invocations=19 (full 3):
 PSYoungGen      total 213504K, used 3992K [0x00000000e0000000, 0x00000000ee800000, 0x0000000100000000)
  eden space 191488K, 0% used [0x00000000e0000000,0x00000000e0000000,0x00000000ebb00000)
  from space 22016K, 18% used [0x00000000ed280000,0x00000000ed666008,0x00000000ee800000)
  to   space 23040K, 0% used [0x00000000ebb00000,0x00000000ebb00000,0x00000000ed180000)
 ParOldGen       total 65536K, used 37630K [0x00000000a0000000, 0x00000000a4000000, 0x00000000e0000000)
  object space 65536K, 57% used [0x00000000a0000000,0x00000000a24bf868,0x00000000a4000000)
 Metaspace       used 56795K, capacity 58894K, committed 58968K, reserved 1099776K
  class space    used 7772K, capacity 8254K, committed 8320K, reserved 1048576K
Event: 36.696 GC heap after
Heap after GC invocations=19 (full 3):
 PSYoungGen      total 213504K, used 0K [0x00000000e0000000, 0x00000000ee800000, 0x0000000100000000)
  eden space 191488K, 0% used [0x00000000e0000000,0x00000000e0000000,0x00000000ebb00000)
  from space 22016K, 0% used [0x00000000ed280000,0x00000000ed280000,0x00000000ee800000)
  to   space 23040K, 0% used [0x00000000ebb00000,0x00000000ebb00000,0x00000000ed180000)
 ParOldGen       total 90624K, used 31725K [0x00000000a0000000, 0x00000000a5880000, 0x00000000e0000000)
  object space 90624K, 35% used [0x00000000a0000000,0x00000000a1efb548,0x00000000a5880000)
 Metaspace       used 56746K, capacity 58760K, committed 58968K, reserved 1099776K
  class space    used 7756K, capacity 8225K, committed 8320K, reserved 1048576K
}
Event: 249.391 GC heap before
{Heap before GC invocations=20 (full 3):
 PSYoungGen      total 213504K, used 191488K [0x00000000e0000000, 0x00000000ee800000, 0x0000000100000000)
  eden space 191488K, 100% used [0x00000000e0000000,0x00000000ebb00000,0x00000000ebb00000)
  from space 22016K, 0% used [0x00000000ed280000,0x00000000ed280000,0x00000000ee800000)
  to   space 23040K, 0% used [0x00000000ebb00000,0x00000000ebb00000,0x00000000ed180000)
 ParOldGen       total 90624K, used 31725K [0x00000000a0000000, 0x00000000a5880000, 0x00000000e0000000)
  object space 90624K, 35% used [0x00000000a0000000,0x00000000a1efb548,0x00000000a5880000)
 Metaspace       used 61926K, capacity 64524K, committed 64600K, reserved 1105920K
  class space    used 8209K, capacity 8769K, committed 8832K, reserved 1048576K
Event: 249.413 GC heap after
Heap after GC invocations=20 (full 3):
 PSYoungGen      total 214528K, used 9755K [0x00000000e0000000, 0x00000000f2080000, 0x0000000100000000)
  eden space 191488K, 0% used [0x00000000e0000000,0x00000000e0000000,0x00000000ebb00000)
  from space 23040K, 42% used [0x00000000ebb00000,0x00000000ec486fc0,0x00000000ed180000)
  to   space 21504K, 0% used [0x00000000f0b80000,0x00000000f0b80000,0x00000000f2080000)
 ParOldGen       total 90624K, used 31733K [0x00000000a0000000, 0x00000000a5880000, 0x00000000e0000000)
  object space 90624K, 35% used [0x00000000a0000000,0x00000000a1efd548,0x00000000a5880000)
 Metaspace       used 61926K, capacity 64524K, committed 64600K, reserved 1105920K
  class space    used 8209K, capacity 8769K, committed 8832K, reserved 1048576K
}
Event: 480.196 GC heap before
{Heap before GC invocations=21 (full 3):
 PSYoungGen      total 214528K, used 201243K [0x00000000e0000000, 0x00000000f2080000, 0x0000000100000000)
  eden space 191488K, 100% used [0x00000000e0000000,0x00000000ebb00000,0x00000000ebb00000)
  from space 23040K, 42% used [0x00000000ebb00000,0x00000000ec486fc0,0x00000000ed180000)
  to   space 21504K, 0% used [0x00000000f0b80000,0x00000000f0b80000,0x00000000f2080000)
 ParOldGen       total 90624K, used 31733K [0x00000000a0000000, 0x00000000a5880000, 0x00000000e0000000)
  object space 90624K, 35% used [0x00000000a0000000,0x00000000a1efd548,0x00000000a5880000)
 Metaspace       used 62667K, capacity 65522K, committed 65752K, reserved 1105920K
  class space    used 8250K, capacity 8848K, committed 8960K, reserved 1048576K
Event: 480.211 GC heap after
Heap after GC invocations=21 (full 3):
 PSYoungGen      total 264704K, used 7016K [0x00000000e0000000, 0x00000000f1b80000, 0x0000000100000000)
  eden space 248320K, 0% used [0x00000000e0000000,0x00000000e0000000,0x00000000ef280000)
  from space 16384K, 42% used [0x00000000f0b80000,0x00000000f125a028,0x00000000f1b80000)
  to   space 20992K, 0% used [0x00000000ef280000,0x00000000ef280000,0x00000000f0700000)
 ParOldGen       total 90624K, used 31741K [0x00000000a0000000, 0x00000000a5880000, 0x00000000e0000000)
  object space 90624K, 35% used [0x00000000a0000000,0x00000000a1eff548,0x00000000a5880000)
 Metaspace       used 62667K, capacity 65522K, committed 65752K, reserved 1105920K
  class space    used 8250K, capacity 8848K, committed 8960K, reserved 1048576K
}
Event: 1342.621 GC heap before
{Heap before GC invocations=22 (full 3):
 PSYoungGen      total 264704K, used 255336K [0x00000000e0000000, 0x00000000f1b80000, 0x0000000100000000)
  eden space 248320K, 100% used [0x00000000e0000000,0x00000000ef280000,0x00000000ef280000)
  from space 16384K, 42% used [0x00000000f0b80000,0x00000000f125a028,0x00000000f1b80000)
  to   space 20992K, 0% used [0x00000000ef280000,0x00000000ef280000,0x00000000f0700000)
 ParOldGen       total 90624K, used 31741K [0x00000000a0000000, 0x00000000a5880000, 0x00000000e0000000)
  object space 90624K, 35% used [0x00000000a0000000,0x00000000a1eff548,0x00000000a5880000)
 Metaspace       used 63834K, capacity 67264K, committed 67544K, reserved 1107968K
  class space    used 8347K, capacity 9095K, committed 9216K, reserved 1048576K

